<?xml version="1.0" encoding="UTF-8"?>
<!-- Generated by org.testng.reporters.JUnitXMLReporter -->
<testsuite ignored="0" hostname="C02G12ACMD6M.local" failures="1" tests="4" name="Surefire test" time="7.787" errors="0" timestamp="09 Oct 2024 07:56:03 GMT">
  <testcase classname="api.test.UserTest" name="testPostUser" time="0.011">
    <failure type="java.lang.NullPointerException" message="Cannot invoke &amp;quot;com.aventstack.extentreports.ExtentTest.log(com.aventstack.extentreports.Status, String)&amp;quot; because the return value of &amp;quot;api.utilities.ExtentReport.getTest()&amp;quot; is null">
      <![CDATA[java.lang.NullPointerException: Cannot invoke "com.aventstack.extentreports.ExtentTest.log(com.aventstack.extentreports.Status, String)" because the return value of "api.utilities.ExtentReport.getTest()" is null
at api.test.UserTest.testPostUser(UserTest.java:75)
... Removed 30 stack frames]]>
    </failure>
  </testcase> <!-- testPostUser -->
  <testcase classname="api.test.DataDrivenTest" name="testPostUser" time="3.814"/>
  <testcase classname="api.test.DataDrivenTest" name="testPostUser" time="1.587"/>
  <testcase classname="api.test.DataDrivenTest" name="testPostUser" time="1.829"/>
</testsuite> <!-- Surefire test -->
