<?xml version="1.0" encoding="UTF-8"?>
<!-- Generated by org.testng.reporters.JUnitXMLReporter -->
<testsuite ignored="0" hostname="C02G12ACMD6M.local" failures="0" tests="4" name="Test" time="9.261" errors="0" timestamp="09 Oct 2024 07:44:39 GMT">
  <testcase classname="api.test.UserTest2" name="testPostUser" time="3.314"/>
  <testcase classname="api.test.UserTest2" name="testGetUserData" time="1.376"/>
  <testcase classname="api.test.UserTest2" name="testUpsateUserDataByName" time="2.704"/>
  <testcase classname="api.test.UserTest2" name="testdeleteUser" time="1.401"/>
</testsuite> <!-- Test -->
