<?xml version="1.0" encoding="UTF-8"?>
<!-- Generated by org.testng.reporters.JUnitXMLReporter -->
<testsuite ignored="0" hostname="C02G12ACMD6M.local" failures="0" tests="4" name="Test" time="11.057" errors="0" timestamp="09 Oct 2024 09:20:49 GMT">
  <testcase classname="api.test.UserTest2" name="testPostUser" time="3.386"/>
  <testcase classname="api.test.UserTest2" name="testGetUserData" time="1.468"/>
  <testcase classname="api.test.UserTest2" name="testUpsateUserDataByName" time="2.969"/>
  <testcase classname="api.test.UserTest2" name="testdeleteUser" time="2.79"/>
</testsuite> <!-- Test -->
