<?xml version="1.0" encoding="UTF-8"?>
<testsuite xmlns:xsi="http://www.w3.org/2001/XMLSchema-instance" xsi:noNamespaceSchemaLocation="https://maven.apache.org/surefire/maven-surefire-plugin/xsd/surefire-test-report.xsd" version="3.0.2" name="TestSuite" time="12.113" tests="4" errors="0" skipped="0" failures="0">
  <properties>
[...]
</properties>
  <testcase name="testPostUser" classname="api.test.UserTest2" time="3.323">
    <system-out><![CDATA[[TestNGContentHandler] [WARN] It is strongly recommended to add "<!DOCTYPE suite SYSTEM "http://testng.org/testng-1.0.dtd" >" at the top of your file, otherwise TestNG may fail or not work as expected.
[INFO ] 2024-10-09 14:50:39.353 api.test.UserTest2:75 - ************* Creating user   *****************
HTTP/1.1 200 OK
Date: Wed, 09 Oct 2024 09:20:42 GMT
Content-Type: application/json
Transfer-Encoding: chunked
Connection: keep-alive
Access-Control-Allow-Origin: *
Access-Control-Allow-Methods: GET, POST, DELETE, PUT
Access-Control-Allow-Headers: Content-Type, api_key, Authorization
Server: Jetty(9.2.9.v20150224)

{
    "code": 200,
    "type": "unknown",
    "message": "462526099"
}
]]></system-out>
  </testcase>
  <testcase name="testGetUserData" classname="api.test.UserTest2" time="1.467">
    <system-out><![CDATA[[INFO ] 2024-10-09 14:50:42.670 api.test.UserTest2:91 - ************* get user   *****************
HTTP/1.1 200 OK
Date: Wed, 09 Oct 2024 09:20:44 GMT
Content-Type: application/json
Transfer-Encoding: chunked
Connection: keep-alive
Access-Control-Allow-Origin: *
Access-Control-Allow-Methods: GET, POST, DELETE, PUT
Access-Control-Allow-Headers: Content-Type, api_key, Authorization
Server: Jetty(9.2.9.v20150224)

{
    "id": 462526099,
    "username": "andreas.wunsch",
    "firstName": "Stacy",
    "lastName": "Beatty",
    "email": "johanne.hilll@gmail.com",
    "password": "z2ruo",
    "phone": "255.720.7822",
    "userStatus": 0
}
]]></system-out>
  </testcase>
  <testcase name="testUpsateUserDataByName" classname="api.test.UserTest2" time="2.969">
    <system-out><![CDATA[[INFO ] 2024-10-09 14:50:44.139 api.test.UserTest2:107 - ************* update user   *****************
HTTP/1.1 200 OK
Date: Wed, 09 Oct 2024 09:20:45 GMT
Content-Type: application/json
Transfer-Encoding: chunked
Connection: keep-alive
Access-Control-Allow-Origin: *
Access-Control-Allow-Methods: GET, POST, DELETE, PUT
Access-Control-Allow-Headers: Content-Type, api_key, Authorization
Server: Jetty(9.2.9.v20150224)

{
    "code": 200,
    "type": "unknown",
    "message": "462526099"
}
{
    "code": 200,
    "type": "unknown",
    "message": "462526099"
}
HTTP/1.1 200 OK
Date: Wed, 09 Oct 2024 09:20:47 GMT
Content-Type: application/json
Transfer-Encoding: chunked
Connection: keep-alive
Access-Control-Allow-Origin: *
Access-Control-Allow-Methods: GET, POST, DELETE, PUT
Access-Control-Allow-Headers: Content-Type, api_key, Authorization
Server: Jetty(9.2.9.v20150224)

{
    "id": 462526099,
    "username": "andreas.wunsch",
    "firstName": "Cris",
    "lastName": "Wehner",
    "email": "johanne.hilll@gmail.com",
    "password": "z2ruo",
    "phone": "502.910.3353",
    "userStatus": 0
}
]]></system-out>
  </testcase>
  <testcase name="testdeleteUser" classname="api.test.UserTest2" time="2.79">
    <system-out><![CDATA[[INFO ] 2024-10-09 14:50:47.108 api.test.UserTest2:140 - ************* delete user   *****************
HTTP/1.1 200 OK
Date: Wed, 09 Oct 2024 09:20:49 GMT
Content-Type: application/json
Transfer-Encoding: chunked
Connection: keep-alive
Access-Control-Allow-Origin: *
Access-Control-Allow-Methods: GET, POST, DELETE, PUT
Access-Control-Allow-Headers: Content-Type, api_key, Authorization
Server: Jetty(9.2.9.v20150224)

{
    "code": 200,
    "type": "unknown",
    "message": "andreas.wunsch"
}
]]></system-out>
  </testcase>
</testsuite>