<?xml version="1.0" encoding="UTF-8"?>
<testng-results ignored="0" total="4" passed="4" failed="0" skipped="0">
  <reporter-output>
  </reporter-output>
  <suite started-at="2024-10-09T09:20:38Z" name="Suite" finished-at="2024-10-09T09:20:49Z" duration-ms="11057">
    <groups>
    </groups>
    <test started-at="2024-10-09T09:20:38Z" name="Test" finished-at="2024-10-09T09:20:49Z" duration-ms="11057">
      <class name="api.test.UserTest2">
        <test-method is-config="true" signature="serupData()[pri:0, instance:api.test.UserTest2@27f981c6]" started-at="2024-10-09T09:20:38Z" name="serupData" finished-at="2024-10-09T09:20:39Z" duration-ms="435" status="PASS">
          <reporter-output>
          </reporter-output>
        </test-method> <!-- serupData -->
        <test-method signature="testPostUser()[pri:1, instance:api.test.UserTest2@27f981c6]" started-at="2024-10-09T09:20:39Z" name="testPostUser" finished-at="2024-10-09T09:20:42Z" duration-ms="3386" status="PASS">
          <reporter-output>
          </reporter-output>
        </test-method> <!-- testPostUser -->
        <test-method signature="testGetUserData()[pri:2, instance:api.test.UserTest2@27f981c6]" started-at="2024-10-09T09:20:42Z" name="testGetUserData" finished-at="2024-10-09T09:20:44Z" duration-ms="1468" status="PASS">
          <reporter-output>
          </reporter-output>
        </test-method> <!-- testGetUserData -->
        <test-method signature="testUpsateUserDataByName()[pri:3, instance:api.test.UserTest2@27f981c6]" started-at="2024-10-09T09:20:44Z" name="testUpsateUserDataByName" finished-at="2024-10-09T09:20:47Z" duration-ms="2969" status="PASS">
          <reporter-output>
          </reporter-output>
        </test-method> <!-- testUpsateUserDataByName -->
        <test-method signature="testdeleteUser()[pri:4, instance:api.test.UserTest2@27f981c6]" started-at="2024-10-09T09:20:47Z" name="testdeleteUser" finished-at="2024-10-09T09:20:49Z" duration-ms="2790" status="PASS">
          <reporter-output>
          </reporter-output>
        </test-method> <!-- testdeleteUser -->
      </class> <!-- api.test.UserTest2 -->
    </test> <!-- Test -->
  </suite> <!-- Suite -->
</testng-results>
