<?xml version="1.0" encoding="UTF-8"?>
<testng-results ignored="0" total="4" passed="4" failed="0" skipped="0">
  <reporter-output>
  </reporter-output>
  <suite started-at="2024-10-09T07:44:29Z" name="Suite" finished-at="2024-10-09T07:44:39Z" duration-ms="9261">
    <groups>
    </groups>
    <test started-at="2024-10-09T07:44:29Z" name="Test" finished-at="2024-10-09T07:44:39Z" duration-ms="9261">
      <class name="api.test.UserTest2">
        <test-method is-config="true" signature="serupData()[pri:0, instance:api.test.UserTest2@95e33cc]" started-at="2024-10-09T07:44:29Z" name="serupData" finished-at="2024-10-09T07:44:30Z" duration-ms="452" status="PASS">
          <reporter-output>
          </reporter-output>
        </test-method> <!-- serupData -->
        <test-method signature="testPostUser()[pri:1, instance:api.test.UserTest2@95e33cc]" started-at="2024-10-09T07:44:30Z" name="testPostUser" finished-at="2024-10-09T07:44:33Z" duration-ms="3314" status="PASS">
          <reporter-output>
          </reporter-output>
        </test-method> <!-- testPostUser -->
        <test-method signature="testGetUserData()[pri:2, instance:api.test.UserTest2@95e33cc]" started-at="2024-10-09T07:44:33Z" name="testGetUserData" finished-at="2024-10-09T07:44:35Z" duration-ms="1376" status="PASS">
          <reporter-output>
          </reporter-output>
        </test-method> <!-- testGetUserData -->
        <test-method signature="testUpsateUserDataByName()[pri:3, instance:api.test.UserTest2@95e33cc]" started-at="2024-10-09T07:44:35Z" name="testUpsateUserDataByName" finished-at="2024-10-09T07:44:37Z" duration-ms="2704" status="PASS">
          <reporter-output>
          </reporter-output>
        </test-method> <!-- testUpsateUserDataByName -->
        <test-method signature="testdeleteUser()[pri:4, instance:api.test.UserTest2@95e33cc]" started-at="2024-10-09T07:44:37Z" name="testdeleteUser" finished-at="2024-10-09T07:44:39Z" duration-ms="1401" status="PASS">
          <reporter-output>
          </reporter-output>
        </test-method> <!-- testdeleteUser -->
      </class> <!-- api.test.UserTest2 -->
    </test> <!-- Test -->
  </suite> <!-- Suite -->
</testng-results>
